{"C:\\Users\\HP\\Laboratoria\\LIM015-card-validation\\src\\validator.js": {"path":"C:\\Users\\HP\\Laboratoria\\LIM015-card-validation\\src\\validator.js","statementMap":{"0":{"start":{"line":1,"column":18},"end":{"line":75,"column":1}},"1":{"start":{"line":3,"column":8},"end":{"line":3,"column":62}},"2":{"start":{"line":4,"column":22},"end":{"line":4,"column":32}},"3":{"start":{"line":8,"column":8},"end":{"line":33,"column":9}},"4":{"start":{"line":9,"column":36},"end":{"line":9,"column":64}},"5":{"start":{"line":10,"column":12},"end":{"line":21,"column":13}},"6":{"start":{"line":10,"column":25},"end":{"line":10,"column":26}},"7":{"start":{"line":11,"column":16},"end":{"line":20,"column":17}},"8":{"start":{"line":12,"column":41},"end":{"line":12,"column":65}},"9":{"start":{"line":13,"column":20},"end":{"line":13,"column":58}},"10":{"start":{"line":15,"column":20},"end":{"line":19,"column":21}},"11":{"start":{"line":16,"column":44},"end":{"line":16,"column":86}},"12":{"start":{"line":17,"column":41},"end":{"line":17,"column":76}},"13":{"start":{"line":18,"column":24},"end":{"line":18,"column":58}},"14":{"start":{"line":23,"column":23},"end":{"line":23,"column":24}},"15":{"start":{"line":26,"column":12},"end":{"line":28,"column":13}},"16":{"start":{"line":26,"column":25},"end":{"line":26,"column":26}},"17":{"start":{"line":27,"column":16},"end":{"line":27,"column":63}},"18":{"start":{"line":29,"column":12},"end":{"line":29,"column":56}},"19":{"start":{"line":32,"column":12},"end":{"line":32,"column":40}},"20":{"start":{"line":35,"column":8},"end":{"line":35,"column":25}},"21":{"start":{"line":39,"column":8},"end":{"line":39,"column":62}},"22":{"start":{"line":40,"column":32},"end":{"line":40,"column":60}},"23":{"start":{"line":41,"column":8},"end":{"line":43,"column":9}},"24":{"start":{"line":41,"column":21},"end":{"line":41,"column":22}},"25":{"start":{"line":42,"column":12},"end":{"line":42,"column":39}},"26":{"start":{"line":44,"column":38},"end":{"line":44,"column":64}},"27":{"start":{"line":46,"column":8},"end":{"line":46,"column":39}},"28":{"start":{"line":50,"column":8},"end":{"line":50,"column":62}},"29":{"start":{"line":51,"column":24},"end":{"line":51,"column":38}},"30":{"start":{"line":52,"column":30},"end":{"line":52,"column":130}},"31":{"start":{"line":53,"column":25},"end":{"line":53,"column":43}},"32":{"start":{"line":54,"column":26},"end":{"line":54,"column":57}},"33":{"start":{"line":55,"column":23},"end":{"line":55,"column":60}},"34":{"start":{"line":58,"column":8},"end":{"line":70,"column":9}},"35":{"start":{"line":59,"column":12},"end":{"line":59,"column":36}},"36":{"start":{"line":60,"column":15},"end":{"line":70,"column":9}},"37":{"start":{"line":61,"column":12},"end":{"line":61,"column":42}},"38":{"start":{"line":62,"column":15},"end":{"line":70,"column":9}},"39":{"start":{"line":63,"column":12},"end":{"line":63,"column":48}},"40":{"start":{"line":64,"column":15},"end":{"line":70,"column":9}},"41":{"start":{"line":65,"column":12},"end":{"line":65,"column":40}},"42":{"start":{"line":66,"column":15},"end":{"line":70,"column":9}},"43":{"start":{"line":67,"column":12},"end":{"line":67,"column":35}},"44":{"start":{"line":69,"column":12},"end":{"line":69,"column":63}},"45":{"start":{"line":72,"column":8},"end":{"line":72,"column":30}}},"fnMap":{"0":{"name":"(anonymous_0)","decl":{"start":{"line":2,"column":13},"end":{"line":2,"column":14}},"loc":{"start":{"line":2,"column":40},"end":{"line":36,"column":5}},"line":2},"1":{"name":"(anonymous_1)","decl":{"start":{"line":38,"column":13},"end":{"line":38,"column":14}},"loc":{"start":{"line":38,"column":40},"end":{"line":47,"column":5}},"line":38},"2":{"name":"(anonymous_2)","decl":{"start":{"line":49,"column":23},"end":{"line":49,"column":24}},"loc":{"start":{"line":49,"column":50},"end":{"line":73,"column":5}},"line":49}},"branchMap":{"0":{"loc":{"start":{"line":8,"column":8},"end":{"line":33,"column":9}},"type":"if","locations":[{"start":{"line":8,"column":8},"end":{"line":33,"column":9}},{"start":{"line":8,"column":8},"end":{"line":33,"column":9}}],"line":8},"1":{"loc":{"start":{"line":8,"column":12},"end":{"line":8,"column":81}},"type":"binary-expr","locations":[{"start":{"line":8,"column":12},"end":{"line":8,"column":48}},{"start":{"line":8,"column":52},"end":{"line":8,"column":81}}],"line":8},"2":{"loc":{"start":{"line":11,"column":16},"end":{"line":20,"column":17}},"type":"if","locations":[{"start":{"line":11,"column":16},"end":{"line":20,"column":17}},{"start":{"line":11,"column":16},"end":{"line":20,"column":17}}],"line":11},"3":{"loc":{"start":{"line":15,"column":20},"end":{"line":19,"column":21}},"type":"if","locations":[{"start":{"line":15,"column":20},"end":{"line":19,"column":21}},{"start":{"line":15,"column":20},"end":{"line":19,"column":21}}],"line":15},"4":{"loc":{"start":{"line":29,"column":24},"end":{"line":29,"column":55}},"type":"cond-expr","locations":[{"start":{"line":29,"column":43},"end":{"line":29,"column":47}},{"start":{"line":29,"column":50},"end":{"line":29,"column":55}}],"line":29},"5":{"loc":{"start":{"line":58,"column":8},"end":{"line":70,"column":9}},"type":"if","locations":[{"start":{"line":58,"column":8},"end":{"line":70,"column":9}},{"start":{"line":58,"column":8},"end":{"line":70,"column":9}}],"line":58},"6":{"loc":{"start":{"line":60,"column":15},"end":{"line":70,"column":9}},"type":"if","locations":[{"start":{"line":60,"column":15},"end":{"line":70,"column":9}},{"start":{"line":60,"column":15},"end":{"line":70,"column":9}}],"line":60},"7":{"loc":{"start":{"line":62,"column":15},"end":{"line":70,"column":9}},"type":"if","locations":[{"start":{"line":62,"column":15},"end":{"line":70,"column":9}},{"start":{"line":62,"column":15},"end":{"line":70,"column":9}}],"line":62},"8":{"loc":{"start":{"line":64,"column":15},"end":{"line":70,"column":9}},"type":"if","locations":[{"start":{"line":64,"column":15},"end":{"line":70,"column":9}},{"start":{"line":64,"column":15},"end":{"line":70,"column":9}}],"line":64},"9":{"loc":{"start":{"line":66,"column":15},"end":{"line":70,"column":9}},"type":"if","locations":[{"start":{"line":66,"column":15},"end":{"line":70,"column":9}},{"start":{"line":66,"column":15},"end":{"line":70,"column":9}}],"line":66}},"s":{"0":1,"1":3,"2":3,"3":3,"4":3,"5":3,"6":3,"7":47,"8":24,"9":24,"10":24,"11":8,"12":8,"13":8,"14":3,"15":3,"16":3,"17":47,"18":3,"19":0,"20":3,"21":3,"22":3,"23":3,"24":3,"25":18,"26":3,"27":3,"28":0,"29":0,"30":0,"31":0,"32":0,"33":0,"34":0,"35":0,"36":0,"37":0,"38":0,"39":0,"40":0,"41":0,"42":0,"43":0,"44":0,"45":0},"f":{"0":3,"1":3,"2":0},"b":{"0":[3,0],"1":[3,3],"2":[24,23],"3":[8,16],"4":[2,1],"5":[0,0],"6":[0,0],"7":[0,0],"8":[0,0],"9":[0,0]},"_coverageSchema":"1a1c01bbd47fc00a2c39e90264f33305004495a9","hash":"eeb3f4610b805ec6055ecf160974845cb537a82f"}
}
