TN:
SF:src\validator.js
FN:2,(anonymous_0)
FN:38,(anonymous_1)
FN:49,(anonymous_2)
FNF:3
FNH:2
FNDA:3,(anonymous_0)
FNDA:3,(anonymous_1)
FNDA:0,(anonymous_2)
DA:1,1
DA:3,3
DA:4,3
DA:8,3
DA:9,3
DA:10,3
DA:11,47
DA:12,24
DA:13,24
DA:15,24
DA:16,8
DA:17,8
DA:18,8
DA:23,3
DA:26,3
DA:27,47
DA:29,3
DA:32,0
DA:35,3
DA:39,3
DA:40,3
DA:41,3
DA:42,18
DA:44,3
DA:46,3
DA:50,0
DA:51,0
DA:52,0
DA:53,0
DA:54,0
DA:55,0
DA:58,0
DA:59,0
DA:60,0
DA:61,0
DA:62,0
DA:63,0
DA:64,0
DA:65,0
DA:66,0
DA:67,0
DA:69,0
DA:72,0
LF:43
LH:24
BRDA:8,0,0,3
BRDA:8,0,1,0
BRDA:8,1,0,3
BRDA:8,1,1,3
BRDA:11,2,0,24
BRDA:11,2,1,23
BRDA:15,3,0,8
BRDA:15,3,1,16
BRDA:29,4,0,2
BRDA:29,4,1,1
BRDA:58,5,0,0
BRDA:58,5,1,0
BRDA:60,6,0,0
BRDA:60,6,1,0
BRDA:62,7,0,0
BRDA:62,7,1,0
BRDA:64,8,0,0
BRDA:64,8,1,0
BRDA:66,9,0,0
BRDA:66,9,1,0
BRF:20
BRH:9
end_of_record
